{"uuid":"2ebcb7dc-e32c-44b5-8a54-281cf8d42ca0","historyId":"21a41dac84a1e89cabd4ab5a21df79b3","fullName":"LoginTests.LoginUnSuccesful","labels":[{"name":"package","value":"LoginTests"},{"name":"testClass","value":"LoginTests"},{"name":"testMethod","value":"LoginUnSuccesful"},{"name":"parentSuite","value":"Default Suite"},{"name":"suite","value":"Hepsiburada-SeleniumTestAutomation"},{"name":"subSuite","value":"LoginTests"},{"name":"host","value":"DESKTOP-BSM3Q68"},{"name":"thread","value":"43164@DESKTOP-BSM3Q68.main(1)"},{"name":"framework","value":"testng"},{"name":"language","value":"java"}],"links":[],"name":"Unsuccessful login check","status":"failed","statusDetails":{"known":false,"muted":false,"flaky":false,"message":"expected [Girdiğiniz şifre eksik veya hatalı.\nKontrol edip tekrar deneyin.] but found [Beklenmeyen bir hata oluştu.\nLütfen tekrar deneyin. Hata Kodu: (R1f2w3s4c556)]","trace":"java.lang.AssertionError: expected [Girdiğiniz şifre eksik veya hatalı.\nKontrol edip tekrar deneyin.] but found [Beklenmeyen bir hata oluştu.\nLütfen tekrar deneyin. Hata Kodu: (R1f2w3s4c556)]\r\n\tat org.testng.Assert.fail(Assert.java:111)\r\n\tat org.testng.Assert.failNotEquals(Assert.java:1578)\r\n\tat org.testng.Assert.assertEqualsImpl(Assert.java:150)\r\n\tat org.testng.Assert.assertEquals(Assert.java:132)\r\n\tat org.testng.Assert.assertEquals(Assert.java:656)\r\n\tat org.testng.Assert.assertEquals(Assert.java:666)\r\n\tat Pages.LoginPage.errorMessageController(LoginPage.java:68)\r\n\tat LoginTests.LoginUnSuccesful(LoginTests.java:20)\r\n\tat java.base/jdk.internal.reflect.NativeMethodAccessorImpl.invoke0(Native Method)\r\n\tat java.base/jdk.internal.reflect.NativeMethodAccessorImpl.invoke(NativeMethodAccessorImpl.java:77)\r\n\tat java.base/jdk.internal.reflect.DelegatingMethodAccessorImpl.invoke(DelegatingMethodAccessorImpl.java:43)\r\n\tat java.base/java.lang.reflect.Method.invoke(Method.java:568)\r\n\tat org.testng.internal.invokers.MethodInvocationHelper.invokeMethod(MethodInvocationHelper.java:141)\r\n\tat org.testng.internal.invokers.TestInvoker.invokeMethod(TestInvoker.java:686)\r\n\tat org.testng.internal.invokers.TestInvoker.invokeTestMethod(TestInvoker.java:230)\r\n\tat org.testng.internal.invokers.MethodRunner.runInSequence(MethodRunner.java:63)\r\n\tat org.testng.internal.invokers.TestInvoker$MethodInvocationAgent.invoke(TestInvoker.java:992)\r\n\tat org.testng.internal.invokers.TestInvoker.invokeTestMethods(TestInvoker.java:203)\r\n\tat org.testng.internal.invokers.TestMethodWorker.invokeTestMethods(TestMethodWorker.java:154)\r\n\tat org.testng.internal.invokers.TestMethodWorker.run(TestMethodWorker.java:134)\r\n\tat java.base/java.util.ArrayList.forEach(ArrayList.java:1511)\r\n\tat org.testng.TestRunner.privateRun(TestRunner.java:739)\r\n\tat org.testng.TestRunner.run(TestRunner.java:614)\r\n\tat org.testng.SuiteRunner.runTest(SuiteRunner.java:421)\r\n\tat org.testng.SuiteRunner.runSequentially(SuiteRunner.java:413)\r\n\tat org.testng.SuiteRunner.privateRun(SuiteRunner.java:373)\r\n\tat org.testng.SuiteRunner.run(SuiteRunner.java:312)\r\n\tat org.testng.SuiteRunnerWorker.runSuite(SuiteRunnerWorker.java:52)\r\n\tat org.testng.SuiteRunnerWorker.run(SuiteRunnerWorker.java:95)\r\n\tat org.testng.TestNG.runSuitesSequentially(TestNG.java:1274)\r\n\tat org.testng.TestNG.runSuitesLocally(TestNG.java:1208)\r\n\tat org.testng.TestNG.runSuites(TestNG.java:1112)\r\n\tat org.testng.TestNG.run(TestNG.java:1079)\r\n\tat com.intellij.rt.testng.IDEARemoteTestNG.run(IDEARemoteTestNG.java:65)\r\n\tat com.intellij.rt.testng.RemoteTestNGStarter.main(RemoteTestNGStarter.java:105)\r\n"},"stage":"finished","steps":[{"name":"Email field is populated","status":"passed","stage":"finished","steps":[{"name":"it is expected 3000  for amount of time.","status":"passed","stage":"finished","steps":[],"attachments":[],"parameters":[{"name":"time","value":"3000"}],"start":1737482814633,"stop":1737482817648}],"attachments":[],"parameters":[{"name":"text","value":"testautomationzkans@outlook.com"}],"start":1737482814633,"stop":1737482817807},{"name":"Password field is filled","status":"passed","stage":"finished","steps":[],"attachments":[],"parameters":[{"name":"text","value":"Techcareer1234"}],"start":1737482817808,"stop":1737482817883},{"name":"Click on the login button","status":"passed","stage":"finished","steps":[{"name":"it is expected 3000  for amount of time.","status":"passed","stage":"finished","steps":[],"attachments":[],"parameters":[{"name":"time","value":"3000"}],"start":1737482817934,"stop":1737482820946}],"attachments":[],"parameters":[],"start":1737482817883,"stop":1737482820946},{"name":"Error message check","status":"failed","statusDetails":{"known":false,"muted":false,"flaky":false,"message":"expected [Girdiğiniz şifre eksik veya hatalı.\nKontrol edip tekrar deneyin.] but found [Beklenmeyen bir hata oluştu.\nLütfen tekrar deneyin. Hata Kodu: (R1f2w3s4c556)]","trace":"java.lang.AssertionError: expected [Girdiğiniz şifre eksik veya hatalı.\nKontrol edip tekrar deneyin.] but found [Beklenmeyen bir hata oluştu.\nLütfen tekrar deneyin. Hata Kodu: (R1f2w3s4c556)]\r\n\tat org.testng.Assert.fail(Assert.java:111)\r\n\tat org.testng.Assert.failNotEquals(Assert.java:1578)\r\n\tat org.testng.Assert.assertEqualsImpl(Assert.java:150)\r\n\tat org.testng.Assert.assertEquals(Assert.java:132)\r\n\tat org.testng.Assert.assertEquals(Assert.java:656)\r\n\tat org.testng.Assert.assertEquals(Assert.java:666)\r\n\tat Pages.LoginPage.errorMessageController(LoginPage.java:68)\r\n\tat LoginTests.LoginUnSuccesful(LoginTests.java:20)\r\n\tat java.base/jdk.internal.reflect.NativeMethodAccessorImpl.invoke0(Native Method)\r\n\tat java.base/jdk.internal.reflect.NativeMethodAccessorImpl.invoke(NativeMethodAccessorImpl.java:77)\r\n\tat java.base/jdk.internal.reflect.DelegatingMethodAccessorImpl.invoke(DelegatingMethodAccessorImpl.java:43)\r\n\tat java.base/java.lang.reflect.Method.invoke(Method.java:568)\r\n\tat org.testng.internal.invokers.MethodInvocationHelper.invokeMethod(MethodInvocationHelper.java:141)\r\n\tat org.testng.internal.invokers.TestInvoker.invokeMethod(TestInvoker.java:686)\r\n\tat org.testng.internal.invokers.TestInvoker.invokeTestMethod(TestInvoker.java:230)\r\n\tat org.testng.internal.invokers.MethodRunner.runInSequence(MethodRunner.java:63)\r\n\tat org.testng.internal.invokers.TestInvoker$MethodInvocationAgent.invoke(TestInvoker.java:992)\r\n\tat org.testng.internal.invokers.TestInvoker.invokeTestMethods(TestInvoker.java:203)\r\n\tat org.testng.internal.invokers.TestMethodWorker.invokeTestMethods(TestMethodWorker.java:154)\r\n\tat org.testng.internal.invokers.TestMethodWorker.run(TestMethodWorker.java:134)\r\n\tat java.base/java.util.ArrayList.forEach(ArrayList.java:1511)\r\n\tat org.testng.TestRunner.privateRun(TestRunner.java:739)\r\n\tat org.testng.TestRunner.run(TestRunner.java:614)\r\n\tat org.testng.SuiteRunner.runTest(SuiteRunner.java:421)\r\n\tat org.testng.SuiteRunner.runSequentially(SuiteRunner.java:413)\r\n\tat org.testng.SuiteRunner.privateRun(SuiteRunner.java:373)\r\n\tat org.testng.SuiteRunner.run(SuiteRunner.java:312)\r\n\tat org.testng.SuiteRunnerWorker.runSuite(SuiteRunnerWorker.java:52)\r\n\tat org.testng.SuiteRunnerWorker.run(SuiteRunnerWorker.java:95)\r\n\tat org.testng.TestNG.runSuitesSequentially(TestNG.java:1274)\r\n\tat org.testng.TestNG.runSuitesLocally(TestNG.java:1208)\r\n\tat org.testng.TestNG.runSuites(TestNG.java:1112)\r\n\tat org.testng.TestNG.run(TestNG.java:1079)\r\n\tat com.intellij.rt.testng.IDEARemoteTestNG.run(IDEARemoteTestNG.java:65)\r\n\tat com.intellij.rt.testng.RemoteTestNGStarter.main(RemoteTestNGStarter.java:105)\r\n"},"stage":"finished","steps":[],"attachments":[{"name":"Error message","source":"e4000f88-b943-40fa-a197-7efdcb5f519c-attachment.txt","type":"text/plain"},{"name":"Screenshot","source":"105cb7cc-ce18-4252-b6fd-63aa42db19e0-attachment","type":"image/png"}],"parameters":[{"name":"text","value":"Girdiğiniz şifre eksik veya hatalı.\nKontrol edip tekrar deneyin."}],"start":1737482820946,"stop":1737482821035}],"attachments":[],"parameters":[],"start":1737482814633,"stop":1737482821036}